Analysis & Synthesis report for lab5
Wed Dec 13 09:41:28 2017
Quartus II 32-bit Version 12.1 Build 177 11/07/2012 SJ Web Edition


---------------------
; Table of Contents ;
---------------------
  1. Legal Notice
  2. Analysis & Synthesis Summary
  3. Analysis & Synthesis Settings
  4. Parallel Compilation
  5. Analysis & Synthesis Source Files Read
  6. Analysis & Synthesis Resource Usage Summary
  7. Analysis & Synthesis Resource Utilization by Entity
  8. Analysis & Synthesis RAM Summary
  9. Analysis & Synthesis IP Cores Summary
 10. Registers Removed During Synthesis
 11. Removed Registers Triggering Further Register Optimizations
 12. General Register Statistics
 13. Multiplexer Restructuring Statistics (Restructuring Performed)
 14. Source assignments for charrom:inst|altsyncram:altsyncram_component|altsyncram_v581:auto_generated
 15. Source assignments for displayMem:instdisplay|altsyncram:altsyncram_component|altsyncram_po71:auto_generated
 16. Parameter Settings for User Entity Instance: charrom:inst|altsyncram:altsyncram_component
 17. Parameter Settings for User Entity Instance: displayMem:instdisplay|altsyncram:altsyncram_component
 18. altsyncram Parameter Settings by Entity Instance
 19. Elapsed Time Per Partition
 20. Analysis & Synthesis Messages
 21. Analysis & Synthesis Suppressed Messages



----------------
; Legal Notice ;
----------------
Copyright (C) 1991-2012 Altera Corporation
Your use of Altera Corporation's design tools, logic functions 
and other software and tools, and its AMPP partner logic 
functions, and any output files from any of the foregoing 
(including device programming or simulation files), and any 
associated documentation or information are expressly subject 
to the terms and conditions of the Altera Program License 
Subscription Agreement, Altera MegaCore Function License 
Agreement, or other applicable license agreement, including, 
without limitation, that your use is for the sole purpose of 
programming logic devices manufactured by Altera and sold by 
Altera or its authorized distributors.  Please refer to the 
applicable agreement for further details.



+-------------------------------------------------------------------------------+
; Analysis & Synthesis Summary                                                  ;
+------------------------------------+------------------------------------------+
; Analysis & Synthesis Status        ; Successful - Wed Dec 13 09:41:28 2017    ;
; Quartus II 32-bit Version          ; 12.1 Build 177 11/07/2012 SJ Web Edition ;
; Revision Name                      ; lab5                                     ;
; Top-level Entity Name              ; lab5                                     ;
; Family                             ; Cyclone II                               ;
; Total logic elements               ; 93                                       ;
;     Total combinational functions  ; 93                                       ;
;     Dedicated logic registers      ; 20                                       ;
; Total registers                    ; 20                                       ;
; Total pins                         ; 11                                       ;
; Total virtual pins                 ; 0                                        ;
; Total memory bits                  ; 28,672                                   ;
; Embedded Multiplier 9-bit elements ; 0                                        ;
; Total PLLs                         ; 0                                        ;
+------------------------------------+------------------------------------------+


+----------------------------------------------------------------------------------------------------------------------+
; Analysis & Synthesis Settings                                                                                        ;
+----------------------------------------------------------------------------+--------------------+--------------------+
; Option                                                                     ; Setting            ; Default Value      ;
+----------------------------------------------------------------------------+--------------------+--------------------+
; Device                                                                     ; EP2C20F484C7       ;                    ;
; Top-level entity name                                                      ; lab5               ; lab5               ;
; Family name                                                                ; Cyclone II         ; Cyclone IV GX      ;
; Use smart compilation                                                      ; Off                ; Off                ;
; Enable parallel Assembler and TimeQuest Timing Analyzer during compilation ; On                 ; On                 ;
; Enable compact report table                                                ; Off                ; Off                ;
; Restructure Multiplexers                                                   ; Auto               ; Auto               ;
; Create Debugging Nodes for IP Cores                                        ; Off                ; Off                ;
; Preserve fewer node names                                                  ; On                 ; On                 ;
; Disable OpenCore Plus hardware evaluation                                  ; Off                ; Off                ;
; Verilog Version                                                            ; Verilog_2001       ; Verilog_2001       ;
; VHDL Version                                                               ; VHDL_1993          ; VHDL_1993          ;
; State Machine Processing                                                   ; Auto               ; Auto               ;
; Safe State Machine                                                         ; Off                ; Off                ;
; Extract Verilog State Machines                                             ; On                 ; On                 ;
; Extract VHDL State Machines                                                ; On                 ; On                 ;
; Ignore Verilog initial constructs                                          ; Off                ; Off                ;
; Iteration limit for constant Verilog loops                                 ; 5000               ; 5000               ;
; Iteration limit for non-constant Verilog loops                             ; 250                ; 250                ;
; Add Pass-Through Logic to Inferred RAMs                                    ; On                 ; On                 ;
; Infer RAMs from Raw Logic                                                  ; On                 ; On                 ;
; Parallel Synthesis                                                         ; On                 ; On                 ;
; DSP Block Balancing                                                        ; Auto               ; Auto               ;
; NOT Gate Push-Back                                                         ; On                 ; On                 ;
; Power-Up Don't Care                                                        ; On                 ; On                 ;
; Remove Redundant Logic Cells                                               ; Off                ; Off                ;
; Remove Duplicate Registers                                                 ; On                 ; On                 ;
; Ignore CARRY Buffers                                                       ; Off                ; Off                ;
; Ignore CASCADE Buffers                                                     ; Off                ; Off                ;
; Ignore GLOBAL Buffers                                                      ; Off                ; Off                ;
; Ignore ROW GLOBAL Buffers                                                  ; Off                ; Off                ;
; Ignore LCELL Buffers                                                       ; Off                ; Off                ;
; Ignore SOFT Buffers                                                        ; On                 ; On                 ;
; Limit AHDL Integers to 32 Bits                                             ; Off                ; Off                ;
; Optimization Technique                                                     ; Balanced           ; Balanced           ;
; Carry Chain Length                                                         ; 70                 ; 70                 ;
; Auto Carry Chains                                                          ; On                 ; On                 ;
; Auto Open-Drain Pins                                                       ; On                 ; On                 ;
; Perform WYSIWYG Primitive Resynthesis                                      ; Off                ; Off                ;
; Auto ROM Replacement                                                       ; On                 ; On                 ;
; Auto RAM Replacement                                                       ; On                 ; On                 ;
; Auto Shift Register Replacement                                            ; Auto               ; Auto               ;
; Allow Shift Register Merging across Hierarchies                            ; Auto               ; Auto               ;
; Auto Clock Enable Replacement                                              ; On                 ; On                 ;
; Strict RAM Replacement                                                     ; Off                ; Off                ;
; Allow Synchronous Control Signals                                          ; On                 ; On                 ;
; Force Use of Synchronous Clear Signals                                     ; Off                ; Off                ;
; Auto RAM to Logic Cell Conversion                                          ; Off                ; Off                ;
; Auto Resource Sharing                                                      ; Off                ; Off                ;
; Allow Any RAM Size For Recognition                                         ; Off                ; Off                ;
; Allow Any ROM Size For Recognition                                         ; Off                ; Off                ;
; Allow Any Shift Register Size For Recognition                              ; Off                ; Off                ;
; Use LogicLock Constraints during Resource Balancing                        ; On                 ; On                 ;
; Ignore translate_off and synthesis_off directives                          ; Off                ; Off                ;
; Timing-Driven Synthesis                                                    ; Off                ; Off                ;
; Report Parameter Settings                                                  ; On                 ; On                 ;
; Report Source Assignments                                                  ; On                 ; On                 ;
; Report Connectivity Checks                                                 ; On                 ; On                 ;
; Ignore Maximum Fan-Out Assignments                                         ; Off                ; Off                ;
; Synchronization Register Chain Length                                      ; 2                  ; 2                  ;
; PowerPlay Power Optimization                                               ; Normal compilation ; Normal compilation ;
; HDL message level                                                          ; Level2             ; Level2             ;
; Suppress Register Optimization Related Messages                            ; Off                ; Off                ;
; Number of Removed Registers Reported in Synthesis Report                   ; 5000               ; 5000               ;
; Number of Swept Nodes Reported in Synthesis Report                         ; 5000               ; 5000               ;
; Number of Inverted Registers Reported in Synthesis Report                  ; 100                ; 100                ;
; Clock MUX Protection                                                       ; On                 ; On                 ;
; Auto Gated Clock Conversion                                                ; Off                ; Off                ;
; Block Design Naming                                                        ; Auto               ; Auto               ;
; SDC constraint protection                                                  ; Off                ; Off                ;
; Synthesis Effort                                                           ; Auto               ; Auto               ;
; Shift Register Replacement - Allow Asynchronous Clear Signal               ; On                 ; On                 ;
; Pre-Mapping Resynthesis Optimization                                       ; Off                ; Off                ;
; Analysis & Synthesis Message Level                                         ; Medium             ; Medium             ;
; Disable Register Merging Across Hierarchies                                ; Auto               ; Auto               ;
; Resource Aware Inference For Block RAM                                     ; On                 ; On                 ;
; Synthesis Seed                                                             ; 1                  ; 1                  ;
+----------------------------------------------------------------------------+--------------------+--------------------+


Parallel compilation was disabled, but you have multiple processors available. Enable parallel compilation to reduce compilation time.
+-------------------------------------+
; Parallel Compilation                ;
+----------------------------+--------+
; Processors                 ; Number ;
+----------------------------+--------+
; Number detected on machine ; 2      ;
; Maximum allowed            ; 1      ;
+----------------------------+--------+


+------------------------------------------------------------------------------------------------------------------------------------------------------------------------------+
; Analysis & Synthesis Source Files Read                                                                                                                                       ;
+----------------------------------+-----------------+----------------------------------------+----------------------------------------------------------------------+---------+
; File Name with User-Entered Path ; Used in Netlist ; File Type                              ; File Name with Absolute Path                                         ; Library ;
+----------------------------------+-----------------+----------------------------------------+----------------------------------------------------------------------+---------+
; MonitorSynch.v                   ; yes             ; User Verilog HDL File                  ; C:/Users/DLD lab 5/Desktop/verilog files/MonitorSynch.v              ;         ;
; CharacterPointer.v               ; yes             ; User Verilog HDL File                  ; C:/Users/DLD lab 5/Desktop/verilog files/CharacterPointer.v          ;         ;
; MatrixSlice.v                    ; yes             ; User Verilog HDL File                  ; C:/Users/DLD lab 5/Desktop/verilog files/MatrixSlice.v               ;         ;
; lab5.bdf                         ; yes             ; User Block Diagram/Schematic File      ; C:/Users/DLD lab 5/Desktop/verilog files/lab5.bdf                    ;         ;
; CharacterPixel.v                 ; yes             ; User Verilog HDL File                  ; C:/Users/DLD lab 5/Desktop/verilog files/CharacterPixel.v            ;         ;
; displayMem.v                     ; yes             ; User Wizard-Generated File             ; C:/Users/DLD lab 5/Desktop/verilog files/displayMem.v                ;         ;
; charrom.v                        ; yes             ; User Wizard-Generated File             ; C:/Users/DLD lab 5/Desktop/verilog files/charrom.v                   ;         ;
; altsyncram.tdf                   ; yes             ; Megafunction                           ; c:/altera/12.1/quartus/libraries/megafunctions/altsyncram.tdf        ;         ;
; stratix_ram_block.inc            ; yes             ; Megafunction                           ; c:/altera/12.1/quartus/libraries/megafunctions/stratix_ram_block.inc ;         ;
; lpm_mux.inc                      ; yes             ; Megafunction                           ; c:/altera/12.1/quartus/libraries/megafunctions/lpm_mux.inc           ;         ;
; lpm_decode.inc                   ; yes             ; Megafunction                           ; c:/altera/12.1/quartus/libraries/megafunctions/lpm_decode.inc        ;         ;
; aglobal121.inc                   ; yes             ; Megafunction                           ; c:/altera/12.1/quartus/libraries/megafunctions/aglobal121.inc        ;         ;
; a_rdenreg.inc                    ; yes             ; Megafunction                           ; c:/altera/12.1/quartus/libraries/megafunctions/a_rdenreg.inc         ;         ;
; altrom.inc                       ; yes             ; Megafunction                           ; c:/altera/12.1/quartus/libraries/megafunctions/altrom.inc            ;         ;
; altram.inc                       ; yes             ; Megafunction                           ; c:/altera/12.1/quartus/libraries/megafunctions/altram.inc            ;         ;
; altdpram.inc                     ; yes             ; Megafunction                           ; c:/altera/12.1/quartus/libraries/megafunctions/altdpram.inc          ;         ;
; db/altsyncram_v581.tdf           ; yes             ; Auto-Generated Megafunction            ; C:/Users/DLD lab 5/Desktop/verilog files/db/altsyncram_v581.tdf      ;         ;
; ../CharacterMatrix.mif           ; yes             ; Auto-Found Memory Initialization File  ; C:/Users/DLD lab 5/Desktop/verilog files/CharacterMatrix.mif         ;         ;
; db/altsyncram_po71.tdf           ; yes             ; Auto-Generated Megafunction            ; C:/Users/DLD lab 5/Desktop/verilog files/db/altsyncram_po71.tdf      ;         ;
; displayram.mif                   ; yes             ; Auto-Found Memory Initialization File  ; C:/Users/DLD lab 5/Desktop/verilog files/displayram.mif              ;         ;
; db/decode_1oa.tdf                ; yes             ; Auto-Generated Megafunction            ; C:/Users/DLD lab 5/Desktop/verilog files/db/decode_1oa.tdf           ;         ;
; db/mux_gib.tdf                   ; yes             ; Auto-Generated Megafunction            ; C:/Users/DLD lab 5/Desktop/verilog files/db/mux_gib.tdf              ;         ;
+----------------------------------+-----------------+----------------------------------------+----------------------------------------------------------------------+---------+


+-----------------------------------------------------+
; Analysis & Synthesis Resource Usage Summary         ;
+---------------------------------------------+-------+
; Resource                                    ; Usage ;
+---------------------------------------------+-------+
; Estimated Total logic elements              ; 93    ;
;                                             ;       ;
; Total combinational functions               ; 93    ;
; Logic element usage by number of LUT inputs ;       ;
;     -- 4 input functions                    ; 46    ;
;     -- 3 input functions                    ; 16    ;
;     -- <=2 input functions                  ; 31    ;
;                                             ;       ;
; Logic elements by mode                      ;       ;
;     -- normal mode                          ; 68    ;
;     -- arithmetic mode                      ; 25    ;
;                                             ;       ;
; Total registers                             ; 20    ;
;     -- Dedicated logic registers            ; 20    ;
;     -- I/O registers                        ; 0     ;
;                                             ;       ;
; I/O pins                                    ; 11    ;
; Total memory bits                           ; 28672 ;
; Embedded Multiplier 9-bit elements          ; 0     ;
; Maximum fan-out                             ; 20    ;
; Total fan-out                               ; 506   ;
; Average fan-out                             ; 3.67  ;
+---------------------------------------------+-------+


+--------------------------------------------------------------------------------------------------------------------------------------------------------------------------------------------------------------------------------------------------------------------+
; Analysis & Synthesis Resource Utilization by Entity                                                                                                                                                                                                                ;
+-------------------------------------------+-------------------+--------------+-------------+--------------+---------+-----------+------+--------------+---------------------------------------------------------------------------------------------+--------------+
; Compilation Hierarchy Node                ; LC Combinationals ; LC Registers ; Memory Bits ; DSP Elements ; DSP 9x9 ; DSP 18x18 ; Pins ; Virtual Pins ; Full Hierarchy Name                                                                         ; Library Name ;
+-------------------------------------------+-------------------+--------------+-------------+--------------+---------+-----------+------+--------------+---------------------------------------------------------------------------------------------+--------------+
; |lab5                                     ; 93 (0)            ; 20 (0)       ; 28672       ; 0            ; 0       ; 0         ; 11   ; 0            ; |lab5                                                                                       ;              ;
;    |CharacterPixel:inst5|                 ; 7 (7)             ; 0 (0)        ; 0           ; 0            ; 0       ; 0         ; 0    ; 0            ; |lab5|CharacterPixel:inst5                                                                  ;              ;
;    |CharacterPointer:inst1|               ; 13 (13)           ; 0 (0)        ; 0           ; 0            ; 0       ; 0         ; 0    ; 0            ; |lab5|CharacterPointer:inst1                                                                ;              ;
;    |MonitorSynch:instMonitor|             ; 72 (72)           ; 20 (20)      ; 0           ; 0            ; 0       ; 0         ; 0    ; 0            ; |lab5|MonitorSynch:instMonitor                                                              ;              ;
;    |charrom:inst|                         ; 0 (0)             ; 0 (0)        ; 4096        ; 0            ; 0       ; 0         ; 0    ; 0            ; |lab5|charrom:inst                                                                          ;              ;
;       |altsyncram:altsyncram_component|   ; 0 (0)             ; 0 (0)        ; 4096        ; 0            ; 0       ; 0         ; 0    ; 0            ; |lab5|charrom:inst|altsyncram:altsyncram_component                                          ;              ;
;          |altsyncram_v581:auto_generated| ; 0 (0)             ; 0 (0)        ; 4096        ; 0            ; 0       ; 0         ; 0    ; 0            ; |lab5|charrom:inst|altsyncram:altsyncram_component|altsyncram_v581:auto_generated           ;              ;
;    |displayMem:instdisplay|               ; 1 (0)             ; 0 (0)        ; 24576       ; 0            ; 0       ; 0         ; 0    ; 0            ; |lab5|displayMem:instdisplay                                                                ;              ;
;       |altsyncram:altsyncram_component|   ; 1 (0)             ; 0 (0)        ; 24576       ; 0            ; 0       ; 0         ; 0    ; 0            ; |lab5|displayMem:instdisplay|altsyncram:altsyncram_component                                ;              ;
;          |altsyncram_po71:auto_generated| ; 1 (1)             ; 0 (0)        ; 24576       ; 0            ; 0       ; 0         ; 0    ; 0            ; |lab5|displayMem:instdisplay|altsyncram:altsyncram_component|altsyncram_po71:auto_generated ;              ;
+-------------------------------------------+-------------------+--------------+-------------+--------------+---------+-----------+------+--------------+---------------------------------------------------------------------------------------------+--------------+
Note: For table entries with two numbers listed, the numbers in parentheses indicate the number of resources of the given type used by the specific entity alone. The numbers listed outside of parentheses indicate the total resources of the given type used by the specific entity and all of its sub-entities in the hierarchy.


+-------------------------------------------------------------------------------------------------------------------------------------------------------------------------------------------------------------+
; Analysis & Synthesis RAM Summary                                                                                                                                                                            ;
+--------------------------------------------------------------------------------------------------+------+------+--------------+--------------+--------------+--------------+-------+------------------------+
; Name                                                                                             ; Type ; Mode ; Port A Depth ; Port A Width ; Port B Depth ; Port B Width ; Size  ; MIF                    ;
+--------------------------------------------------------------------------------------------------+------+------+--------------+--------------+--------------+--------------+-------+------------------------+
; charrom:inst|altsyncram:altsyncram_component|altsyncram_v581:auto_generated|ALTSYNCRAM           ; AUTO ; ROM  ; 512          ; 8            ; --           ; --           ; 4096  ; ../CharacterMatrix.mif ;
; displayMem:instdisplay|altsyncram:altsyncram_component|altsyncram_po71:auto_generated|ALTSYNCRAM ; AUTO ; ROM  ; 8192         ; 7            ; --           ; --           ; 57344 ; ../DisplayRAM.mif      ;
+--------------------------------------------------------------------------------------------------+------+------+--------------+--------------+--------------+--------------+-------+------------------------+


+------------------------------------------------------------------------------------------------------------------------------------------------------+
; Analysis & Synthesis IP Cores Summary                                                                                                                ;
+--------+--------------+---------+--------------+--------------+------------------------------+-------------------------------------------------------+
; Vendor ; IP Core Name ; Version ; Release Date ; License Type ; Entity Instance              ; IP Include File                                       ;
+--------+--------------+---------+--------------+--------------+------------------------------+-------------------------------------------------------+
; Altera ; ROM: 1-PORT  ; 12.1    ; N/A          ; N/A          ; |lab5|charrom:inst           ; C:/Users/DLD lab 5/Desktop/verilog files/charrom.v    ;
; Altera ; ROM: 1-PORT  ; 12.1    ; N/A          ; N/A          ; |lab5|displayMem:instdisplay ; C:/Users/DLD lab 5/Desktop/verilog files/displayMem.v ;
+--------+--------------+---------+--------------+--------------+------------------------------+-------------------------------------------------------+


+-----------------------------------------------------------------------------------------------------------------------------------------------------+
; Registers Removed During Synthesis                                                                                                                  ;
+------------------------------------------------------------------------------------------------------------+----------------------------------------+
; Register name                                                                                              ; Reason for Removal                     ;
+------------------------------------------------------------------------------------------------------------+----------------------------------------+
; displayMem:instdisplay|altsyncram:altsyncram_component|altsyncram_po71:auto_generated|address_reg_a[0]     ; Stuck at GND due to stuck port data_in ;
; displayMem:instdisplay|altsyncram:altsyncram_component|altsyncram_po71:auto_generated|out_address_reg_a[0] ; Stuck at GND due to stuck port data_in ;
; Total Number of Removed Registers = 2                                                                      ;                                        ;
+------------------------------------------------------------------------------------------------------------+----------------------------------------+


+-------------------------------------------------------------------------------------------------------------------------------------------------------------------------------------------------------------------------------------------------+
; Removed Registers Triggering Further Register Optimizations                                                                                                                                                                                     ;
+--------------------------------------------------------------------------------------------------------+---------------------------+------------------------------------------------------------------------------------------------------------+
; Register name                                                                                          ; Reason for Removal        ; Registers Removed due to This Register                                                                     ;
+--------------------------------------------------------------------------------------------------------+---------------------------+------------------------------------------------------------------------------------------------------------+
; displayMem:instdisplay|altsyncram:altsyncram_component|altsyncram_po71:auto_generated|address_reg_a[0] ; Stuck at GND              ; displayMem:instdisplay|altsyncram:altsyncram_component|altsyncram_po71:auto_generated|out_address_reg_a[0] ;
;                                                                                                        ; due to stuck port data_in ;                                                                                                            ;
+--------------------------------------------------------------------------------------------------------+---------------------------+------------------------------------------------------------------------------------------------------------+


+------------------------------------------------------+
; General Register Statistics                          ;
+----------------------------------------------+-------+
; Statistic                                    ; Value ;
+----------------------------------------------+-------+
; Total registers                              ; 20    ;
; Number of registers using Synchronous Clear  ; 10    ;
; Number of registers using Synchronous Load   ; 0     ;
; Number of registers using Asynchronous Clear ; 0     ;
; Number of registers using Asynchronous Load  ; 0     ;
; Number of registers using Clock Enable       ; 4     ;
; Number of registers using Preset             ; 0     ;
+----------------------------------------------+-------+


+--------------------------------------------------------------------------------------------------------------------------------------------------------+
; Multiplexer Restructuring Statistics (Restructuring Performed)                                                                                         ;
+--------------------+-----------+---------------+----------------------+------------------------+------------+------------------------------------------+
; Multiplexer Inputs ; Bus Width ; Baseline Area ; Area if Restructured ; Saving if Restructured ; Registered ; Example Multiplexer Output               ;
+--------------------+-----------+---------------+----------------------+------------------------+------------+------------------------------------------+
; 3:1                ; 10 bits   ; 20 LEs        ; 10 LEs               ; 10 LEs                 ; Yes        ; |lab5|MonitorSynch:instMonitor|Hcount[4] ;
; 4:1                ; 10 bits   ; 20 LEs        ; 10 LEs               ; 10 LEs                 ; Yes        ; |lab5|MonitorSynch:instMonitor|Vcount[6] ;
+--------------------+-----------+---------------+----------------------+------------------------+------------+------------------------------------------+


+----------------------------------------------------------------------------------------------------+
; Source assignments for charrom:inst|altsyncram:altsyncram_component|altsyncram_v581:auto_generated ;
+---------------------------------+--------------------+------+--------------------------------------+
; Assignment                      ; Value              ; From ; To                                   ;
+---------------------------------+--------------------+------+--------------------------------------+
; OPTIMIZE_POWER_DURING_SYNTHESIS ; NORMAL_COMPILATION ; -    ; -                                    ;
+---------------------------------+--------------------+------+--------------------------------------+


+--------------------------------------------------------------------------------------------------------------+
; Source assignments for displayMem:instdisplay|altsyncram:altsyncram_component|altsyncram_po71:auto_generated ;
+---------------------------------+--------------------+------+------------------------------------------------+
; Assignment                      ; Value              ; From ; To                                             ;
+---------------------------------+--------------------+------+------------------------------------------------+
; OPTIMIZE_POWER_DURING_SYNTHESIS ; NORMAL_COMPILATION ; -    ; -                                              ;
+---------------------------------+--------------------+------+------------------------------------------------+


+-------------------------------------------------------------------------------------------+
; Parameter Settings for User Entity Instance: charrom:inst|altsyncram:altsyncram_component ;
+------------------------------------+------------------------+-----------------------------+
; Parameter Name                     ; Value                  ; Type                        ;
+------------------------------------+------------------------+-----------------------------+
; BYTE_SIZE_BLOCK                    ; 8                      ; Untyped                     ;
; AUTO_CARRY_CHAINS                  ; ON                     ; AUTO_CARRY                  ;
; IGNORE_CARRY_BUFFERS               ; OFF                    ; IGNORE_CARRY                ;
; AUTO_CASCADE_CHAINS                ; ON                     ; AUTO_CASCADE                ;
; IGNORE_CASCADE_BUFFERS             ; OFF                    ; IGNORE_CASCADE              ;
; WIDTH_BYTEENA                      ; 1                      ; Untyped                     ;
; OPERATION_MODE                     ; ROM                    ; Untyped                     ;
; WIDTH_A                            ; 8                      ; Signed Integer              ;
; WIDTHAD_A                          ; 9                      ; Signed Integer              ;
; NUMWORDS_A                         ; 512                    ; Signed Integer              ;
; OUTDATA_REG_A                      ; CLOCK0                 ; Untyped                     ;
; ADDRESS_ACLR_A                     ; NONE                   ; Untyped                     ;
; OUTDATA_ACLR_A                     ; NONE                   ; Untyped                     ;
; WRCONTROL_ACLR_A                   ; NONE                   ; Untyped                     ;
; INDATA_ACLR_A                      ; NONE                   ; Untyped                     ;
; BYTEENA_ACLR_A                     ; NONE                   ; Untyped                     ;
; WIDTH_B                            ; 1                      ; Untyped                     ;
; WIDTHAD_B                          ; 1                      ; Untyped                     ;
; NUMWORDS_B                         ; 1                      ; Untyped                     ;
; INDATA_REG_B                       ; CLOCK1                 ; Untyped                     ;
; WRCONTROL_WRADDRESS_REG_B          ; CLOCK1                 ; Untyped                     ;
; RDCONTROL_REG_B                    ; CLOCK1                 ; Untyped                     ;
; ADDRESS_REG_B                      ; CLOCK1                 ; Untyped                     ;
; OUTDATA_REG_B                      ; UNREGISTERED           ; Untyped                     ;
; BYTEENA_REG_B                      ; CLOCK1                 ; Untyped                     ;
; INDATA_ACLR_B                      ; NONE                   ; Untyped                     ;
; WRCONTROL_ACLR_B                   ; NONE                   ; Untyped                     ;
; ADDRESS_ACLR_B                     ; NONE                   ; Untyped                     ;
; OUTDATA_ACLR_B                     ; NONE                   ; Untyped                     ;
; RDCONTROL_ACLR_B                   ; NONE                   ; Untyped                     ;
; BYTEENA_ACLR_B                     ; NONE                   ; Untyped                     ;
; WIDTH_BYTEENA_A                    ; 1                      ; Signed Integer              ;
; WIDTH_BYTEENA_B                    ; 1                      ; Untyped                     ;
; RAM_BLOCK_TYPE                     ; AUTO                   ; Untyped                     ;
; BYTE_SIZE                          ; 8                      ; Untyped                     ;
; READ_DURING_WRITE_MODE_MIXED_PORTS ; DONT_CARE              ; Untyped                     ;
; READ_DURING_WRITE_MODE_PORT_A      ; NEW_DATA_NO_NBE_READ   ; Untyped                     ;
; READ_DURING_WRITE_MODE_PORT_B      ; NEW_DATA_NO_NBE_READ   ; Untyped                     ;
; INIT_FILE                          ; ../CharacterMatrix.mif ; Untyped                     ;
; INIT_FILE_LAYOUT                   ; PORT_A                 ; Untyped                     ;
; MAXIMUM_DEPTH                      ; 0                      ; Untyped                     ;
; CLOCK_ENABLE_INPUT_A               ; BYPASS                 ; Untyped                     ;
; CLOCK_ENABLE_INPUT_B               ; NORMAL                 ; Untyped                     ;
; CLOCK_ENABLE_OUTPUT_A              ; BYPASS                 ; Untyped                     ;
; CLOCK_ENABLE_OUTPUT_B              ; NORMAL                 ; Untyped                     ;
; CLOCK_ENABLE_CORE_A                ; USE_INPUT_CLKEN        ; Untyped                     ;
; CLOCK_ENABLE_CORE_B                ; USE_INPUT_CLKEN        ; Untyped                     ;
; ENABLE_ECC                         ; FALSE                  ; Untyped                     ;
; ECC_PIPELINE_STAGE_ENABLED         ; FALSE                  ; Untyped                     ;
; WIDTH_ECCSTATUS                    ; 3                      ; Untyped                     ;
; DEVICE_FAMILY                      ; Cyclone II             ; Untyped                     ;
; CBXI_PARAMETER                     ; altsyncram_v581        ; Untyped                     ;
+------------------------------------+------------------------+-----------------------------+
Note: In order to hide this table in the UI and the text report file, please set the "Show Parameter Settings in Synthesis Report" option in "Analysis and Synthesis Settings -> More Settings" to "Off".


+-----------------------------------------------------------------------------------------------------+
; Parameter Settings for User Entity Instance: displayMem:instdisplay|altsyncram:altsyncram_component ;
+------------------------------------+----------------------+-----------------------------------------+
; Parameter Name                     ; Value                ; Type                                    ;
+------------------------------------+----------------------+-----------------------------------------+
; BYTE_SIZE_BLOCK                    ; 8                    ; Untyped                                 ;
; AUTO_CARRY_CHAINS                  ; ON                   ; AUTO_CARRY                              ;
; IGNORE_CARRY_BUFFERS               ; OFF                  ; IGNORE_CARRY                            ;
; AUTO_CASCADE_CHAINS                ; ON                   ; AUTO_CASCADE                            ;
; IGNORE_CASCADE_BUFFERS             ; OFF                  ; IGNORE_CASCADE                          ;
; WIDTH_BYTEENA                      ; 1                    ; Untyped                                 ;
; OPERATION_MODE                     ; ROM                  ; Untyped                                 ;
; WIDTH_A                            ; 7                    ; Signed Integer                          ;
; WIDTHAD_A                          ; 13                   ; Signed Integer                          ;
; NUMWORDS_A                         ; 8192                 ; Signed Integer                          ;
; OUTDATA_REG_A                      ; CLOCK0               ; Untyped                                 ;
; ADDRESS_ACLR_A                     ; NONE                 ; Untyped                                 ;
; OUTDATA_ACLR_A                     ; NONE                 ; Untyped                                 ;
; WRCONTROL_ACLR_A                   ; NONE                 ; Untyped                                 ;
; INDATA_ACLR_A                      ; NONE                 ; Untyped                                 ;
; BYTEENA_ACLR_A                     ; NONE                 ; Untyped                                 ;
; WIDTH_B                            ; 1                    ; Untyped                                 ;
; WIDTHAD_B                          ; 1                    ; Untyped                                 ;
; NUMWORDS_B                         ; 1                    ; Untyped                                 ;
; INDATA_REG_B                       ; CLOCK1               ; Untyped                                 ;
; WRCONTROL_WRADDRESS_REG_B          ; CLOCK1               ; Untyped                                 ;
; RDCONTROL_REG_B                    ; CLOCK1               ; Untyped                                 ;
; ADDRESS_REG_B                      ; CLOCK1               ; Untyped                                 ;
; OUTDATA_REG_B                      ; UNREGISTERED         ; Untyped                                 ;
; BYTEENA_REG_B                      ; CLOCK1               ; Untyped                                 ;
; INDATA_ACLR_B                      ; NONE                 ; Untyped                                 ;
; WRCONTROL_ACLR_B                   ; NONE                 ; Untyped                                 ;
; ADDRESS_ACLR_B                     ; NONE                 ; Untyped                                 ;
; OUTDATA_ACLR_B                     ; NONE                 ; Untyped                                 ;
; RDCONTROL_ACLR_B                   ; NONE                 ; Untyped                                 ;
; BYTEENA_ACLR_B                     ; NONE                 ; Untyped                                 ;
; WIDTH_BYTEENA_A                    ; 1                    ; Signed Integer                          ;
; WIDTH_BYTEENA_B                    ; 1                    ; Untyped                                 ;
; RAM_BLOCK_TYPE                     ; AUTO                 ; Untyped                                 ;
; BYTE_SIZE                          ; 8                    ; Untyped                                 ;
; READ_DURING_WRITE_MODE_MIXED_PORTS ; DONT_CARE            ; Untyped                                 ;
; READ_DURING_WRITE_MODE_PORT_A      ; NEW_DATA_NO_NBE_READ ; Untyped                                 ;
; READ_DURING_WRITE_MODE_PORT_B      ; NEW_DATA_NO_NBE_READ ; Untyped                                 ;
; INIT_FILE                          ; ../DisplayRAM.mif    ; Untyped                                 ;
; INIT_FILE_LAYOUT                   ; PORT_A               ; Untyped                                 ;
; MAXIMUM_DEPTH                      ; 0                    ; Untyped                                 ;
; CLOCK_ENABLE_INPUT_A               ; BYPASS               ; Untyped                                 ;
; CLOCK_ENABLE_INPUT_B               ; NORMAL               ; Untyped                                 ;
; CLOCK_ENABLE_OUTPUT_A              ; BYPASS               ; Untyped                                 ;
; CLOCK_ENABLE_OUTPUT_B              ; NORMAL               ; Untyped                                 ;
; CLOCK_ENABLE_CORE_A                ; USE_INPUT_CLKEN      ; Untyped                                 ;
; CLOCK_ENABLE_CORE_B                ; USE_INPUT_CLKEN      ; Untyped                                 ;
; ENABLE_ECC                         ; FALSE                ; Untyped                                 ;
; ECC_PIPELINE_STAGE_ENABLED         ; FALSE                ; Untyped                                 ;
; WIDTH_ECCSTATUS                    ; 3                    ; Untyped                                 ;
; DEVICE_FAMILY                      ; Cyclone II           ; Untyped                                 ;
; CBXI_PARAMETER                     ; altsyncram_po71      ; Untyped                                 ;
+------------------------------------+----------------------+-----------------------------------------+
Note: In order to hide this table in the UI and the text report file, please set the "Show Parameter Settings in Synthesis Report" option in "Analysis and Synthesis Settings -> More Settings" to "Off".


+----------------------------------------------------------------------------------------------------+
; altsyncram Parameter Settings by Entity Instance                                                   ;
+-------------------------------------------+--------------------------------------------------------+
; Name                                      ; Value                                                  ;
+-------------------------------------------+--------------------------------------------------------+
; Number of entity instances                ; 2                                                      ;
; Entity Instance                           ; charrom:inst|altsyncram:altsyncram_component           ;
;     -- OPERATION_MODE                     ; ROM                                                    ;
;     -- WIDTH_A                            ; 8                                                      ;
;     -- NUMWORDS_A                         ; 512                                                    ;
;     -- OUTDATA_REG_A                      ; CLOCK0                                                 ;
;     -- WIDTH_B                            ; 1                                                      ;
;     -- NUMWORDS_B                         ; 1                                                      ;
;     -- ADDRESS_REG_B                      ; CLOCK1                                                 ;
;     -- OUTDATA_REG_B                      ; UNREGISTERED                                           ;
;     -- RAM_BLOCK_TYPE                     ; AUTO                                                   ;
;     -- READ_DURING_WRITE_MODE_MIXED_PORTS ; DONT_CARE                                              ;
; Entity Instance                           ; displayMem:instdisplay|altsyncram:altsyncram_component ;
;     -- OPERATION_MODE                     ; ROM                                                    ;
;     -- WIDTH_A                            ; 7                                                      ;
;     -- NUMWORDS_A                         ; 8192                                                   ;
;     -- OUTDATA_REG_A                      ; CLOCK0                                                 ;
;     -- WIDTH_B                            ; 1                                                      ;
;     -- NUMWORDS_B                         ; 1                                                      ;
;     -- ADDRESS_REG_B                      ; CLOCK1                                                 ;
;     -- OUTDATA_REG_B                      ; UNREGISTERED                                           ;
;     -- RAM_BLOCK_TYPE                     ; AUTO                                                   ;
;     -- READ_DURING_WRITE_MODE_MIXED_PORTS ; DONT_CARE                                              ;
+-------------------------------------------+--------------------------------------------------------+


+-------------------------------+
; Elapsed Time Per Partition    ;
+----------------+--------------+
; Partition Name ; Elapsed Time ;
+----------------+--------------+
; Top            ; 00:00:00     ;
+----------------+--------------+


+-------------------------------+
; Analysis & Synthesis Messages ;
+-------------------------------+
Info: *******************************************************************
Info: Running Quartus II 32-bit Analysis & Synthesis
    Info: Version 12.1 Build 177 11/07/2012 SJ Web Edition
    Info: Processing started: Wed Dec 13 09:41:25 2017
Info: Command: quartus_map --read_settings_files=on --write_settings_files=off lab5 -c lab5
Warning (20028): Parallel compilation is not licensed and has been disabled
Info (12021): Found 1 design units, including 1 entities, in source file write_synch.v
    Info (12023): Found entity 1: write_synch
Info (12021): Found 1 design units, including 1 entities, in source file onepulser.v
    Info (12023): Found entity 1: OnePulser
Info (12021): Found 1 design units, including 1 entities, in source file monitorsynch.v
    Info (12023): Found entity 1: MonitorSynch
Info (12021): Found 1 design units, including 1 entities, in source file characterpointer.v
    Info (12023): Found entity 1: CharacterPointer
Info (12021): Found 1 design units, including 1 entities, in source file displaymemory.v
    Info (12023): Found entity 1: DisplayMemory
Info (12021): Found 1 design units, including 1 entities, in source file charactermatrix.v
    Info (12023): Found entity 1: CharacterMatrix
Info (12021): Found 1 design units, including 1 entities, in source file matrixslice.v
    Info (12023): Found entity 1: MatrixSlice
Info (12021): Found 1 design units, including 1 entities, in source file lab5.bdf
    Info (12023): Found entity 1: lab5
Info (12021): Found 1 design units, including 1 entities, in source file characterpixel.v
    Info (12023): Found entity 1: CharacterPixel
Info (12021): Found 1 design units, including 1 entities, in source file ram.v
    Info (12023): Found entity 1: ram
Info (12021): Found 1 design units, including 1 entities, in source file displaymem.v
    Info (12023): Found entity 1: displayMem
Info (12021): Found 1 design units, including 1 entities, in source file charactermem.v
    Info (12023): Found entity 1: charactermem
Info (12021): Found 1 design units, including 1 entities, in source file charrom.v
    Info (12023): Found entity 1: charrom
Info (12127): Elaborating entity "lab5" for the top level hierarchy
Info (12128): Elaborating entity "MonitorSynch" for hierarchy "MonitorSynch:instMonitor"
Warning (10036): Verilog HDL or VHDL warning at MonitorSynch.v(7): object "counter" assigned a value but never read
Warning (10230): Verilog HDL assignment warning at MonitorSynch.v(11): truncated value with size 32 to match size of target (10)
Warning (10230): Verilog HDL assignment warning at MonitorSynch.v(17): truncated value with size 32 to match size of target (10)
Warning (10230): Verilog HDL assignment warning at MonitorSynch.v(20): truncated value with size 32 to match size of target (1)
Warning (10230): Verilog HDL assignment warning at MonitorSynch.v(21): truncated value with size 32 to match size of target (1)
Warning (10230): Verilog HDL assignment warning at MonitorSynch.v(22): truncated value with size 32 to match size of target (3)
Warning (10230): Verilog HDL assignment warning at MonitorSynch.v(24): truncated value with size 32 to match size of target (10)
Warning (10230): Verilog HDL assignment warning at MonitorSynch.v(25): truncated value with size 32 to match size of target (10)
Info (12128): Elaborating entity "CharacterPixel" for hierarchy "CharacterPixel:inst5"
Info (12128): Elaborating entity "charrom" for hierarchy "charrom:inst"
Info (12128): Elaborating entity "altsyncram" for hierarchy "charrom:inst|altsyncram:altsyncram_component"
Info (12130): Elaborated megafunction instantiation "charrom:inst|altsyncram:altsyncram_component"
Info (12133): Instantiated megafunction "charrom:inst|altsyncram:altsyncram_component" with the following parameter:
    Info (12134): Parameter "clock_enable_input_a" = "BYPASS"
    Info (12134): Parameter "clock_enable_output_a" = "BYPASS"
    Info (12134): Parameter "init_file" = "../CharacterMatrix.mif"
    Info (12134): Parameter "intended_device_family" = "Cyclone II"
    Info (12134): Parameter "lpm_hint" = "ENABLE_RUNTIME_MOD=NO"
    Info (12134): Parameter "lpm_type" = "altsyncram"
    Info (12134): Parameter "numwords_a" = "512"
    Info (12134): Parameter "operation_mode" = "ROM"
    Info (12134): Parameter "outdata_aclr_a" = "NONE"
    Info (12134): Parameter "outdata_reg_a" = "CLOCK0"
    Info (12134): Parameter "widthad_a" = "9"
    Info (12134): Parameter "width_a" = "8"
    Info (12134): Parameter "width_byteena_a" = "1"
Info (12021): Found 1 design units, including 1 entities, in source file db/altsyncram_v581.tdf
    Info (12023): Found entity 1: altsyncram_v581
Info (12128): Elaborating entity "altsyncram_v581" for hierarchy "charrom:inst|altsyncram:altsyncram_component|altsyncram_v581:auto_generated"
Info (12128): Elaborating entity "MatrixSlice" for hierarchy "MatrixSlice:inst2"
Warning (10235): Verilog HDL Always Construct warning at MatrixSlice.v(9): variable "counter" is read inside the Always Construct but isn't in the Always Construct's Event Control
Warning (10230): Verilog HDL assignment warning at MatrixSlice.v(9): truncated value with size 32 to match size of target (2)
Warning (10230): Verilog HDL assignment warning at MatrixSlice.v(10): truncated value with size 35 to match size of target (9)
Info (12128): Elaborating entity "displayMem" for hierarchy "displayMem:instdisplay"
Info (12128): Elaborating entity "altsyncram" for hierarchy "displayMem:instdisplay|altsyncram:altsyncram_component"
Info (12130): Elaborated megafunction instantiation "displayMem:instdisplay|altsyncram:altsyncram_component"
Info (12133): Instantiated megafunction "displayMem:instdisplay|altsyncram:altsyncram_component" with the following parameter:
    Info (12134): Parameter "clock_enable_input_a" = "BYPASS"
    Info (12134): Parameter "clock_enable_output_a" = "BYPASS"
    Info (12134): Parameter "init_file" = "../DisplayRAM.mif"
    Info (12134): Parameter "intended_device_family" = "Cyclone II"
    Info (12134): Parameter "lpm_hint" = "ENABLE_RUNTIME_MOD=NO"
    Info (12134): Parameter "lpm_type" = "altsyncram"
    Info (12134): Parameter "numwords_a" = "8192"
    Info (12134): Parameter "operation_mode" = "ROM"
    Info (12134): Parameter "outdata_aclr_a" = "NONE"
    Info (12134): Parameter "outdata_reg_a" = "CLOCK0"
    Info (12134): Parameter "widthad_a" = "13"
    Info (12134): Parameter "width_a" = "7"
    Info (12134): Parameter "width_byteena_a" = "1"
Info (12021): Found 1 design units, including 1 entities, in source file db/altsyncram_po71.tdf
    Info (12023): Found entity 1: altsyncram_po71
Info (12128): Elaborating entity "altsyncram_po71" for hierarchy "displayMem:instdisplay|altsyncram:altsyncram_component|altsyncram_po71:auto_generated"
Info (12021): Found 1 design units, including 1 entities, in source file db/decode_1oa.tdf
    Info (12023): Found entity 1: decode_1oa
Info (12128): Elaborating entity "decode_1oa" for hierarchy "displayMem:instdisplay|altsyncram:altsyncram_component|altsyncram_po71:auto_generated|decode_1oa:deep_decode"
Info (12021): Found 1 design units, including 1 entities, in source file db/mux_gib.tdf
    Info (12023): Found entity 1: mux_gib
Info (12128): Elaborating entity "mux_gib" for hierarchy "displayMem:instdisplay|altsyncram:altsyncram_component|altsyncram_po71:auto_generated|mux_gib:mux2"
Info (12128): Elaborating entity "CharacterPointer" for hierarchy "CharacterPointer:inst1"
Warning (10230): Verilog HDL assignment warning at CharacterPointer.v(8): truncated value with size 32 to match size of target (13)
Warning (14284): Synthesized away the following node(s):
    Warning (14285): Synthesized away the following RAM node(s):
        Warning (14320): Synthesized away node "displayMem:instdisplay|altsyncram:altsyncram_component|altsyncram_po71:auto_generated|ram_block1a6"
        Warning (14320): Synthesized away node "displayMem:instdisplay|altsyncram:altsyncram_component|altsyncram_po71:auto_generated|ram_block1a13"
Warning (14284): Synthesized away the following node(s):
    Warning (14285): Synthesized away the following RAM node(s):
        Warning (14320): Synthesized away node "displayMem:instdisplay|altsyncram:altsyncram_component|altsyncram_po71:auto_generated|ram_block1a7"
        Warning (14320): Synthesized away node "displayMem:instdisplay|altsyncram:altsyncram_component|altsyncram_po71:auto_generated|ram_block1a8"
        Warning (14320): Synthesized away node "displayMem:instdisplay|altsyncram:altsyncram_component|altsyncram_po71:auto_generated|ram_block1a9"
        Warning (14320): Synthesized away node "displayMem:instdisplay|altsyncram:altsyncram_component|altsyncram_po71:auto_generated|ram_block1a10"
        Warning (14320): Synthesized away node "displayMem:instdisplay|altsyncram:altsyncram_component|altsyncram_po71:auto_generated|ram_block1a11"
        Warning (14320): Synthesized away node "displayMem:instdisplay|altsyncram:altsyncram_component|altsyncram_po71:auto_generated|ram_block1a12"
Info (144001): Generated suppressed messages file C:/Users/DLD lab 5/Desktop/verilog files/output_files/lab5.map.smsg
Info (16010): Generating hard_block partition "hard_block:auto_generated_inst"
    Info (16011): Adding 0 node(s), including 0 DDIO, 0 PLL, 0 transceiver and 0 LCELL
Info (21057): Implemented 118 device resources after synthesis - the final resource count might be different
    Info (21058): Implemented 6 input pins
    Info (21059): Implemented 5 output pins
    Info (21061): Implemented 93 logic cells
    Info (21064): Implemented 14 RAM segments
Info: Quartus II 32-bit Analysis & Synthesis was successful. 0 errors, 25 warnings
    Info: Peak virtual memory: 353 megabytes
    Info: Processing ended: Wed Dec 13 09:41:28 2017
    Info: Elapsed time: 00:00:03
    Info: Total CPU time (on all processors): 00:00:03


+------------------------------------------+
; Analysis & Synthesis Suppressed Messages ;
+------------------------------------------+
The suppressed messages can be found in C:/Users/DLD lab 5/Desktop/verilog files/output_files/lab5.map.smsg.


