This is XeTeX, Version 3.14159265-2.6-0.99998 (TeX Live 2017) (preloaded format=xelatex 2017.8.29)  3 NOV 2017 20:49
entering extended mode
 restricted \write18 enabled.
 %&-line parsing enabled.
**HW#.tex
(./HW#.tex
LaTeX2e <2017-04-15>
Babel <3.10> and hyphenation patterns for 22 language(s) loaded.
(/usr/local/texlive/2017basic/texmf-dist/tex/latex/base/article.cls
Document Class: article 2014/09/29 v1.4h Standard LaTeX document class
(/usr/local/texlive/2017basic/texmf-dist/tex/latex/base/size10.clo
File: size10.clo 2014/09/29 v1.4h Standard LaTeX file (size option)
)
\c@part=\count79
\c@section=\count80
\c@subsection=\count81
\c@subsubsection=\count82
\c@paragraph=\count83
\c@subparagraph=\count84
\c@figure=\count85
\c@table=\count86
\abovecaptionskip=\skip41
\belowcaptionskip=\skip42
\bibindent=\dimen102
)
(/usr/local/texlive/2017basic/texmf-dist/tex/latex/amsmath/amsmath.sty
Package: amsmath 2016/11/05 v2.16a AMS math features
\@mathmargin=\skip43

For additional information on amsmath, use the `?' option.
(/usr/local/texlive/2017basic/texmf-dist/tex/latex/amsmath/amstext.sty
Package: amstext 2000/06/29 v2.01 AMS text

(/usr/local/texlive/2017basic/texmf-dist/tex/latex/amsmath/amsgen.sty
File: amsgen.sty 1999/11/30 v2.0 generic functions
\@emptytoks=\toks14
\ex@=\dimen103
))
(/usr/local/texlive/2017basic/texmf-dist/tex/latex/amsmath/amsbsy.sty
Package: amsbsy 1999/11/29 v1.2d Bold Symbols
\pmbraise@=\dimen104
)
(/usr/local/texlive/2017basic/texmf-dist/tex/latex/amsmath/amsopn.sty
Package: amsopn 2016/03/08 v2.02 operator names
)
\inf@bad=\count87
LaTeX Info: Redefining \frac on input line 213.
\uproot@=\count88
\leftroot@=\count89
LaTeX Info: Redefining \overline on input line 375.
\classnum@=\count90
\DOTSCASE@=\count91
LaTeX Info: Redefining \ldots on input line 472.
LaTeX Info: Redefining \dots on input line 475.
LaTeX Info: Redefining \cdots on input line 596.
\Mathstrutbox@=\box26
\strutbox@=\box27
\big@size=\dimen105
LaTeX Font Info:    Redeclaring font encoding OML on input line 712.
LaTeX Font Info:    Redeclaring font encoding OMS on input line 713.
\macc@depth=\count92
\c@MaxMatrixCols=\count93
\dotsspace@=\muskip10
\c@parentequation=\count94
\dspbrk@lvl=\count95
\tag@help=\toks15
\row@=\count96
\column@=\count97
\maxfields@=\count98
\andhelp@=\toks16
\eqnshift@=\dimen106
\alignsep@=\dimen107
\tagshift@=\dimen108
\tagwidth@=\dimen109
\totwidth@=\dimen110
\lineht@=\dimen111
\@envbody=\toks17
\multlinegap=\skip44
\multlinetaggap=\skip45
\mathdisplay@stack=\toks18
LaTeX Info: Redefining \[ on input line 2817.
LaTeX Info: Redefining \] on input line 2818.
)
(/usr/local/texlive/2017basic/texmf-dist/tex/latex/listings/listings.sty
(/usr/local/texlive/2017basic/texmf-dist/tex/latex/graphics/keyval.sty
Package: keyval 2014/10/28 v1.15 key=value parser (DPC)
\KV@toks@=\toks19
)
\lst@mode=\count99
\lst@gtempboxa=\box28
\lst@token=\toks20
\lst@length=\count100
\lst@currlwidth=\dimen112
\lst@column=\count101
\lst@pos=\count102
\lst@lostspace=\dimen113
\lst@width=\dimen114
\lst@newlines=\count103
\lst@lineno=\count104
\lst@maxwidth=\dimen115

(/usr/local/texlive/2017basic/texmf-dist/tex/latex/listings/lstmisc.sty
File: lstmisc.sty 2015/06/04 1.6 (Carsten Heinz)
\c@lstnumber=\count105
\lst@skipnumbers=\count106
\lst@framebox=\box29
)
(/usr/local/texlive/2017basic/texmf-dist/tex/latex/listings/listings.cfg
File: listings.cfg 2015/06/04 1.6 listings configuration
))
Package: listings 2015/06/04 1.6 (Carsten Heinz)

(/usr/local/texlive/2017basic/texmf-dist/tex/latex/graphics/color.sty
Package: color 2016/07/10 v1.1e Standard LaTeX Color (DPC)

(/usr/local/texlive/2017basic/texmf-dist/tex/latex/graphics-cfg/color.cfg
File: color.cfg 2016/01/02 v1.6 sample color configuration
)
Package color Info: Driver file: xetex.def on input line 147.

(/usr/local/texlive/2017basic/texmf-dist/tex/latex/graphics-def/xetex.def
File: xetex.def 2017/06/24 v5.0h Graphics/color driver for xetex
))
(/usr/local/texlive/2017basic/texmf-dist/tex/latex/hyperref/hyperref.sty
Package: hyperref 2017/03/14 v6.85a Hypertext links for LaTeX

(/usr/local/texlive/2017basic/texmf-dist/tex/generic/oberdiek/hobsub-hyperref.s
ty
Package: hobsub-hyperref 2016/05/16 v1.14 Bundle oberdiek, subset hyperref (HO)


(/usr/local/texlive/2017basic/texmf-dist/tex/generic/oberdiek/hobsub-generic.st
y
Package: hobsub-generic 2016/05/16 v1.14 Bundle oberdiek, subset generic (HO)
Package: hobsub 2016/05/16 v1.14 Construct package bundles (HO)
Package: infwarerr 2016/05/16 v1.4 Providing info/warning/error messages (HO)
Package: ltxcmds 2016/05/16 v1.23 LaTeX kernel commands for general use (HO)
Package: ifluatex 2016/05/16 v1.4 Provides the ifluatex switch (HO)
Package ifluatex Info: LuaTeX not detected.
Package: ifvtex 2016/05/16 v1.6 Detect VTeX and its facilities (HO)
Package ifvtex Info: VTeX not detected.
Package: intcalc 2016/05/16 v1.2 Expandable calculations with integers (HO)
Package: ifpdf 2017/03/15 v3.2 Provides the ifpdf switch
Package: etexcmds 2016/05/16 v1.6 Avoid name clashes with e-TeX commands (HO)
Package etexcmds Info: Could not find \expanded.
(etexcmds)             That can mean that you are not using pdfTeX 1.50 or
(etexcmds)             that some package has redefined \expanded.
(etexcmds)             In the latter case, load this package earlier.
Package: kvsetkeys 2016/05/16 v1.17 Key value parser (HO)
Package: kvdefinekeys 2016/05/16 v1.4 Define keys (HO)
Package: pdftexcmds 2017/03/19 v0.25 Utility functions of pdfTeX for LuaTeX (HO
)
Package pdftexcmds Info: LuaTeX not detected.
Package pdftexcmds Info: pdfTeX >= 1.30 not detected.
Package pdftexcmds Info: \pdf@primitive is available.
Package pdftexcmds Info: \pdf@ifprimitive is available.
Package pdftexcmds Info: \pdfdraftmode not found.
Package: pdfescape 2016/05/16 v1.14 Implements pdfTeX's escape features (HO)
Package: bigintcalc 2016/05/16 v1.4 Expandable calculations on big integers (HO
)
Package: bitset 2016/05/16 v1.2 Handle bit-vector datatype (HO)
Package: uniquecounter 2016/05/16 v1.3 Provide unlimited unique counter (HO)
)
Package hobsub Info: Skipping package `hobsub' (already loaded).
Package: letltxmacro 2016/05/16 v1.5 Let assignment for LaTeX macros (HO)
Package: hopatch 2016/05/16 v1.3 Wrapper for package hooks (HO)
Package: xcolor-patch 2016/05/16 xcolor patch
Package: atveryend 2016/05/16 v1.9 Hooks at the very end of document (HO)
Package atveryend Info: \enddocument detected (standard20110627).
Package: atbegshi 2016/06/09 v1.18 At begin shipout hook (HO)
Package: refcount 2016/05/16 v3.5 Data extraction from label references (HO)
Package: hycolor 2016/05/16 v1.8 Color options for hyperref/bookmark (HO)
) (/usr/local/texlive/2017basic/texmf-dist/tex/generic/ifxetex/ifxetex.sty
Package: ifxetex 2010/09/12 v0.6 Provides ifxetex conditional
)
(/usr/local/texlive/2017basic/texmf-dist/tex/latex/oberdiek/auxhook.sty
Package: auxhook 2016/05/16 v1.4 Hooks for auxiliary files (HO)
)
(/usr/local/texlive/2017basic/texmf-dist/tex/latex/oberdiek/kvoptions.sty
Package: kvoptions 2016/05/16 v3.12 Key value format for package options (HO)
)
\@linkdim=\dimen116
\Hy@linkcounter=\count107
\Hy@pagecounter=\count108

(/usr/local/texlive/2017basic/texmf-dist/tex/latex/hyperref/pd1enc.def
File: pd1enc.def 2017/03/14 v6.85a Hyperref: PDFDocEncoding definition (HO)
)
\Hy@SavedSpaceFactor=\count109

(/usr/local/texlive/2017basic/texmf-dist/tex/latex/latexconfig/hyperref.cfg
File: hyperref.cfg 2002/06/06 v1.2 hyperref configuration of TeXLive
)
Package hyperref Info: Hyper figures OFF on input line 4498.
Package hyperref Info: Link nesting OFF on input line 4503.
Package hyperref Info: Hyper index ON on input line 4506.
Package hyperref Info: Plain pages OFF on input line 4513.
Package hyperref Info: Backreferencing OFF on input line 4518.
Package hyperref Info: Implicit mode ON; LaTeX internals redefined.
Package hyperref Info: Bookmarks ON on input line 4751.
\c@Hy@tempcnt=\count110

(/usr/local/texlive/2017basic/texmf-dist/tex/latex/url/url.sty
\Urlmuskip=\muskip11
Package: url 2013/09/16  ver 3.4  Verb mode for urls, etc.
)
LaTeX Info: Redefining \url on input line 5104.
\XeTeXLinkMargin=\dimen117
\Fld@menulength=\count111
\Field@Width=\dimen118
\Fld@charsize=\dimen119
Package hyperref Info: Hyper figures OFF on input line 6358.
Package hyperref Info: Link nesting OFF on input line 6363.
Package hyperref Info: Hyper index ON on input line 6366.
Package hyperref Info: backreferencing OFF on input line 6373.
Package hyperref Info: Link coloring OFF on input line 6378.
Package hyperref Info: Link coloring with OCG OFF on input line 6383.
Package hyperref Info: PDF/A mode OFF on input line 6388.
LaTeX Info: Redefining \ref on input line 6428.
LaTeX Info: Redefining \pageref on input line 6432.
\Hy@abspage=\count112
\c@Item=\count113
\c@Hfootnote=\count114
)

Package hyperref Message: Driver (autodetected): hxetex.

(/usr/local/texlive/2017basic/texmf-dist/tex/latex/hyperref/hxetex.def
File: hxetex.def 2017/03/14 v6.85a Hyperref driver for XeTeX

(/usr/local/texlive/2017basic/texmf-dist/tex/latex/hyperref/puenc.def
File: puenc.def 2017/03/14 v6.85a Hyperref: PDF Unicode definition (HO)
)
(/usr/local/texlive/2017basic/texmf-dist/tex/generic/oberdiek/stringenc.sty
Package: stringenc 2016/05/16 v1.11 Convert strings between diff. encodings (HO
)
)
\pdfm@box=\box30
\c@Hy@AnnotLevel=\count115
\HyField@AnnotCount=\count116
\Fld@listcount=\count117
\c@bookmark@seq@number=\count118

(/usr/local/texlive/2017basic/texmf-dist/tex/latex/oberdiek/rerunfilecheck.sty
Package: rerunfilecheck 2016/05/16 v1.8 Rerun checks for auxiliary files (HO)
Package rerunfilecheck Info: Feature \pdfmdfivesum is not available
(rerunfilecheck)             (e.g. pdfTeX or LuaTeX with package `pdftexcmds').

(rerunfilecheck)             Therefore file contents cannot be checked efficien
tly
(rerunfilecheck)             and the loading of the package is aborted.
)
\Hy@SectionHShift=\skip46
) (/usr/local/texlive/2017basic/texmf-dist/tex/xelatex/xepersian/xepersian.sty
Package: xepersian 2017/08/27 v19.1 Persian typesetting in XeLaTeX

(/usr/local/texlive/2017basic/texmf-dist/tex/latex/fontspec/fontspec.sty
(/usr/local/texlive/2017basic/texmf-dist/tex/latex/l3kernel/expl3.sty
Package: expl3 2017/07/19 L3 programming layer (loader) 

(/usr/local/texlive/2017basic/texmf-dist/tex/latex/l3kernel/expl3-code.tex
Package: expl3 2017/07/19 L3 programming layer (code)
\c_max_int=\count119
\l_tmpa_int=\count120
\l_tmpb_int=\count121
\g_tmpa_int=\count122
\g_tmpb_int=\count123
\g__intarray_font_int=\count124
\g__prg_map_int=\count125
\c_log_iow=\count126
\l_iow_line_count_int=\count127
\l__iow_line_target_int=\count128
\l__iow_one_indent_int=\count129
\l__iow_indent_int=\count130
\c_zero_dim=\dimen120
\c_max_dim=\dimen121
\l_tmpa_dim=\dimen122
\l_tmpb_dim=\dimen123
\g_tmpa_dim=\dimen124
\g_tmpb_dim=\dimen125
\c_zero_skip=\skip47
\c_max_skip=\skip48
\l_tmpa_skip=\skip49
\l_tmpb_skip=\skip50
\g_tmpa_skip=\skip51
\g_tmpb_skip=\skip52
\c_zero_muskip=\muskip12
\c_max_muskip=\muskip13
\l_tmpa_muskip=\muskip14
\l_tmpb_muskip=\muskip15
\g_tmpa_muskip=\muskip16
\g_tmpb_muskip=\muskip17
\l_keys_choice_int=\count131
\c__fp_leading_shift_int=\count132
\c__fp_middle_shift_int=\count133
\c__fp_trailing_shift_int=\count134
\c__fp_big_leading_shift_int=\count135
\c__fp_big_middle_shift_int=\count136
\c__fp_big_trailing_shift_int=\count137
\c__fp_Bigg_leading_shift_int=\count138
\c__fp_Bigg_middle_shift_int=\count139
\c__fp_Bigg_trailing_shift_int=\count140
\l__sort_length_int=\count141
\l__sort_min_int=\count142
\l__sort_top_int=\count143
\l__sort_max_int=\count144
\l__sort_true_max_int=\count145
\l__sort_block_int=\count146
\l__sort_begin_int=\count147
\l__sort_end_int=\count148
\l__sort_A_int=\count149
\l__sort_B_int=\count150
\l__sort_C_int=\count151
\l__tl_build_start_index_int=\count152
\l__tl_build_index_int=\count153
\l__tl_analysis_normal_int=\count154
\l__tl_analysis_index_int=\count155
\l__tl_analysis_nesting_int=\count156
\l__tl_analysis_type_int=\count157
\l__regex_internal_a_int=\count158
\l__regex_internal_b_int=\count159
\l__regex_internal_c_int=\count160
\l__regex_balance_int=\count161
\l__regex_group_level_int=\count162
\l__regex_mode_int=\count163
\c__regex_cs_in_class_mode_int=\count164
\c__regex_cs_mode_int=\count165
\l__regex_catcodes_int=\count166
\l__regex_default_catcodes_int=\count167
\c__regex_catcode_L_int=\count168
\c__regex_catcode_O_int=\count169
\c__regex_catcode_A_int=\count170
\c__regex_all_catcodes_int=\count171
\l__regex_show_lines_int=\count172
\l__regex_min_state_int=\count173
\l__regex_max_state_int=\count174
\l__regex_left_state_int=\count175
\l__regex_right_state_int=\count176
\l__regex_capturing_group_int=\count177
\l__regex_min_pos_int=\count178
\l__regex_max_pos_int=\count179
\l__regex_curr_pos_int=\count180
\l__regex_start_pos_int=\count181
\l__regex_success_pos_int=\count182
\l__regex_curr_char_int=\count183
\l__regex_curr_catcode_int=\count184
\l__regex_last_char_int=\count185
\l__regex_case_changed_char_int=\count186
\l__regex_curr_state_int=\count187
\l__regex_step_int=\count188
\l__regex_min_active_int=\count189
\l__regex_max_active_int=\count190
\l__regex_replacement_csnames_int=\count191
\l__regex_match_count_int=\count192
\l__regex_min_submatch_int=\count193
\l__regex_submatch_int=\count194
\l__regex_zeroth_submatch_int=\count195
\g__debug_trace_regex_int=\count196
\c_empty_box=\box31
\l_tmpa_box=\box32
\l_tmpb_box=\box33
\g_tmpa_box=\box34
\g_tmpb_box=\box35
\l__box_top_dim=\dimen126
\l__box_bottom_dim=\dimen127
\l__box_left_dim=\dimen128
\l__box_right_dim=\dimen129
\l__box_top_new_dim=\dimen130
\l__box_bottom_new_dim=\dimen131
\l__box_left_new_dim=\dimen132
\l__box_right_new_dim=\dimen133
\l__box_internal_box=\box36
\l__coffin_internal_box=\box37
\l__coffin_internal_dim=\dimen134
\l__coffin_offset_x_dim=\dimen135
\l__coffin_offset_y_dim=\dimen136
\l__coffin_x_dim=\dimen137
\l__coffin_y_dim=\dimen138
\l__coffin_x_prime_dim=\dimen139
\l__coffin_y_prime_dim=\dimen140
\c_empty_coffin=\box38
\l__coffin_aligned_coffin=\box39
\l__coffin_aligned_internal_coffin=\box40
\l_tmpa_coffin=\box41
\l_tmpb_coffin=\box42
\l__coffin_display_coffin=\box43
\l__coffin_display_coord_coffin=\box44
\l__coffin_display_pole_coffin=\box45
\l__coffin_display_offset_dim=\dimen141
\l__coffin_display_x_dim=\dimen142
\l__coffin_display_y_dim=\dimen143
\l__coffin_bounding_shift_dim=\dimen144
\l__coffin_left_corner_dim=\dimen145
\l__coffin_right_corner_dim=\dimen146
\l__coffin_bottom_corner_dim=\dimen147
\l__coffin_top_corner_dim=\dimen148
\l__coffin_scaled_total_height_dim=\dimen149
\l__coffin_scaled_width_dim=\dimen150
)
(/usr/local/texlive/2017basic/texmf-dist/tex/latex/l3kernel/l3xdvipdfmx.def
File: l3xdvidpfmx.def 2017/03/18 v L3 Experimental driver: xdvipdfmx
\g__driver_image_int=\count197
\l__driver_tmp_box=\box46
))
(/usr/local/texlive/2017basic/texmf-dist/tex/latex/l3packages/xparse/xparse.sty
Package: xparse 2017/07/19 L3 Experimental document command parser
\l__xparse_current_arg_int=\count198
\g__xparse_grabber_int=\count199
\l__xparse_m_args_int=\count266
\l__xparse_mandatory_args_int=\count267
\l__xparse_v_nesting_int=\count268
)
Package: fontspec 2017/08/14 v2.6d Font selection for XeLaTeX and LuaLaTeX

(/usr/local/texlive/2017basic/texmf-dist/tex/latex/fontspec/fontspec-xetex.sty
Package: fontspec-xetex 2017/08/14 v2.6d Font selection for XeLaTeX and LuaLaTe
X
\l__fontspec_script_int=\count269
\l__fontspec_language_int=\count270
\l__fontspec_strnum_int=\count271
\l__fontspec_tmp_int=\count272
\l__fontspec_em_int=\count273
\l__fontspec_emdef_int=\count274
\l__fontspec_strong_int=\count275
\l__fontspec_strongdef_int=\count276
\l__fontspec_tmpa_dim=\dimen151
\l__fontspec_tmpb_dim=\dimen152
\l__fontspec_tmpc_dim=\dimen153
\g__file_internal_ior=\read1

(/usr/local/texlive/2017basic/texmf-dist/tex/latex/base/fontenc.sty
Package: fontenc 2017/04/05 v2.0i Standard LaTeX package

(/usr/local/texlive/2017basic/texmf-dist/tex/latex/base/tuenc.def
File: tuenc.def 2017/04/05 v2.0i Standard LaTeX file
LaTeX Font Info:    Redeclaring font encoding TU on input line 82.
))
.................................................
. LaTeX info: "xparse/define-command"
. 
. Defining command \fontspec with sig. 'O{}mO{}' on line 474.
.................................................
.................................................
. LaTeX info: "xparse/define-command"
. 
. Defining command \setmainfont with sig. 'O{}mO{}' on line 485.
.................................................
.................................................
. LaTeX info: "xparse/define-command"
. 
. Defining command \setsansfont with sig. 'O{}mO{}' on line 505.
.................................................
.................................................
. LaTeX info: "xparse/define-command"
. 
. Defining command \setmonofont with sig. 'O{}mO{}' on line 525.
.................................................
.................................................
. LaTeX info: "xparse/define-command"
. 
. Defining command \setromanfont with sig. 'O{}mO{}' on line 545.
.................................................
.................................................
. LaTeX info: "xparse/define-command"
. 
. Defining command \setmathrm with sig. 'O{}mO{}' on line 549.
.................................................
.................................................
. LaTeX info: "xparse/define-command"
. 
. Defining command \setboldmathrm with sig. 'O{}mO{}' on line 557.
.................................................
.................................................
. LaTeX info: "xparse/define-command"
. 
. Defining command \setmathsf with sig. 'O{}mO{}' on line 565.
.................................................
.................................................
. LaTeX info: "xparse/define-command"
. 
. Defining command \setmathtt with sig. 'O{}mO{}' on line 573.
.................................................
.................................................
. LaTeX info: "xparse/define-command"
. 
. Defining command \newfontfamily with sig. 'mO{}mO{}' on line 588.
.................................................
.................................................
. LaTeX info: "xparse/define-command"
. 
. Defining command \newfontface with sig. 'mO{}mO{}' on line 605.
.................................................
.................................................
. LaTeX info: "xparse/define-command"
. 
. Defining command \defaultfontfeatures with sig. 't+om' on line 616.
.................................................
.................................................
. LaTeX info: "xparse/define-command"
. 
. Defining command \addfontfeatures with sig. 'm' on line 647.
.................................................
.................................................
. LaTeX info: "xparse/define-command"
. 
. Defining command \newfontfeature with sig. 'mm' on line 674.
.................................................
.................................................
. LaTeX info: "xparse/define-command"
. 
. Defining command \newAATfeature with sig. 'mmmm' on line 688.
.................................................
.................................................
. LaTeX info: "xparse/define-command"
. 
. Defining command \newopentypefeature with sig. 'mmm' on line 702.
.................................................
.................................................
. LaTeX info: "xparse/define-command"
. 
. Defining command \newICUfeature with sig. 'mmm' on line 722.
.................................................
.................................................
. LaTeX info: "xparse/define-command"
. 
. Defining command \aliasfontfeature with sig. 'mm' on line 726.
.................................................
.................................................
. LaTeX info: "xparse/define-command"
. 
. Defining command \aliasfontfeatureoption with sig. 'mmm' on line 747.
.................................................
.................................................
. LaTeX info: "xparse/define-command"
. 
. Defining command \newfontscript with sig. 'mm' on line 780.
.................................................
.................................................
. LaTeX info: "xparse/define-command"
. 
. Defining command \newfontlanguage with sig. 'mm' on line 784.
.................................................
.................................................
. LaTeX info: "xparse/define-command"
. 
. Defining command \DeclareFontsExtensions with sig. 'm' on line 788.
.................................................
.................................................
. LaTeX info: "xparse/define-command"
. 
. Defining command \IfFontFeatureActiveTF with sig. 'mmm' on line 799.
.................................................
.................................................
. LaTeX info: "xparse/define-command"
. 
. Defining command \EncodingCommand with sig. 'mO{}m' on line 3538.
.................................................
.................................................
. LaTeX info: "xparse/define-command"
. 
. Defining command \EncodingAccent with sig. 'mm' on line 3544.
.................................................
.................................................
. LaTeX info: "xparse/define-command"
. 
. Defining command \EncodingSymbol with sig. 'mm' on line 3550.
.................................................
.................................................
. LaTeX info: "xparse/define-command"
. 
. Defining command \EncodingComposite with sig. 'mmm' on line 3556.
.................................................
.................................................
. LaTeX info: "xparse/define-command"
. 
. Defining command \EncodingCompositeCommand with sig. 'mmm' on line 3562.
.................................................
.................................................
. LaTeX info: "xparse/define-command"
. 
. Defining command \DeclareUnicodeEncoding with sig. 'mm' on line 3587.
.................................................
.................................................
. LaTeX info: "xparse/define-command"
. 
. Defining command \UndeclareSymbol with sig. 'm' on line 3593.
.................................................
.................................................
. LaTeX info: "xparse/define-command"
. 
. Defining command \UndeclareComposite with sig. 'mm' on line 3601.
.................................................

(/usr/local/texlive/2017basic/texmf-dist/tex/latex/fontspec/fontspec.cfg)
LaTeX Info: Redefining \itshape on input line 3786.
LaTeX Info: Redefining \slshape on input line 3791.
LaTeX Info: Redefining \scshape on input line 3796.
LaTeX Info: Redefining \upshape on input line 3801.
LaTeX Info: Redefining \em on input line 3831.
LaTeX Info: Redefining \emph on input line 3856.
LaTeX Info: Redefining \- on input line 3907.
.................................................
. LaTeX info: "xparse/redefine-command"
. 
. Redefining command \oldstylenums with sig. 'm' on line 4002.
.................................................
.................................................
. LaTeX info: "xparse/define-command"
. 
. Defining command \liningnums with sig. 'm' on line 4006.
.................................................
))
(/usr/local/texlive/2017basic/texmf-dist/tex/xelatex/xepersian/xepersian-persia
ncal.sty
Package: xepersian-persiancal 2012/07/25 v0.2 provides Persian calendar
\XePersian@i=\count277
\XePersian@y=\count278
\XePersian@m=\count279
\XePersian@d=\count280
\XePersian@latini=\count281
\XePersian@persiani=\count282
\XePersian@latinii=\count283
\XePersian@persianii=\count284
\XePersian@latiniii=\count285
\XePersian@persianiii=\count286
\XePersian@latiniv=\count287
\XePersian@persianiv=\count288
\XePersian@latinv=\count289
\XePersian@persianv=\count290
\XePersian@latinvi=\count291
\XePersian@persianvi=\count292
\XePersian@latinvii=\count293
\XePersian@persianvii=\count294
\XePersian@latinviii=\count295
\XePersian@persianviii=\count296
\XePersian@latinix=\count297
\XePersian@persianix=\count298
\XePersian@latinx=\count299
\XePersian@persianx=\count300
\XePersian@latinxi=\count301
\XePersian@persianxi=\count302
\XePersian@latinxii=\count303
\XePersian@persianxii=\count304
\XePersian@persianxiii=\count305
\XePersian@temp=\count306
\XePersian@temptwo=\count307
\XePersian@tempthree=\count308
\XePersian@yModHundred=\count309
\XePersian@thirtytwo=\count310
\XePersian@dn=\count311
\XePersian@sn=\count312
\XePersian@mminusone=\count313
)
(/usr/local/texlive/2017basic/texmf-dist/tex/xelatex/xepersian/xepersian-mathsd
igitspec.sty
Package: xepersian-mathsdigitspec 2017/08/27 v1.1.3 Unicode Persian maths digit
s in XeLaTeX
.................................................
. LaTeX info: "xparse/define-command"
. 
. Defining command \new@mathbf with sig. 'm' on line 132.
.................................................
.................................................
. LaTeX info: "xparse/define-command"
. 
. Defining command \new@mathit with sig. 'm' on line 140.
.................................................
.................................................
. LaTeX info: "xparse/define-command"
. 
. Defining command \new@mathrm with sig. 'm' on line 148.
.................................................
.................................................
. LaTeX info: "xparse/define-command"
. 
. Defining command \new@mathsf with sig. 'm' on line 156.
.................................................
.................................................
. LaTeX info: "xparse/define-command"
. 
. Defining command \new@mathtt with sig. 'm' on line 164.
.................................................
.................................................
. LaTeX info: "xparse/define-command"
. 
. Defining command \setdigitfont with sig. 'O{}mO{}' on line 169.
.................................................
.................................................
. LaTeX info: "xparse/define-command"
. 
. Defining command \setmathsfdigitfont with sig. 'O{}mO{}' on line 200.
.................................................
.................................................
. LaTeX info: "xparse/define-command"
. 
. Defining command \setmathttdigitfont with sig. 'O{}mO{}' on line 211.
.................................................
)
(/usr/local/texlive/2017basic/texmf-dist/tex/xelatex/bidi/bidi.sty
Package: bidi 2017/08/27 v31.2 Bidirectional typesetting in plain TeX and LaTeX


****************************************************
* 
* bidi package (Bidirectional typesetting in
* plain TeX and LaTeX, using XeTeX engine)
* 
* Description: A convenient interface for
* typesetting bidirectional texts in plain TeX
* and LaTeX. The package includes adaptations
* for use with many other commonly-used packages.
* 
* Copyright (c) 2009--2017 Vafa Khalighi
* 
* 2017/08/27, v31.2
* 
* License: LaTeX Project Public License, version
* 1.3c or higher (your choice)
* 
* Location on CTAN: /macros/xetex/latex/bidi
* 
* Issue tracker: https://github.com/tex-xet/bidi/issues
* 
* Support: persian-tex@tug.org
* 
****************************************************
(/usr/local/texlive/2017basic/texmf-dist/tex/generic/iftex/iftex.sty
Package: iftex 2013/04/04 v0.2 Provides if(tex) conditional for PDFTeX, XeTeX, 
and LuaTeX
)
(/usr/local/texlive/2017basic/texmf-dist/tex/xelatex/bidi/biditools.sty
Package: biditools 2016/11/30 v0.9 Programming tools for bidi package
\@bidi@envbody=\toks21
\@bidi@emptytoks=\toks22
)
(/usr/local/texlive/2017basic/texmf-dist/tex/latex/oberdiek/zref-abspage.sty
Package: zref-abspage 2016/05/21 v2.26 Module abspage for zref (HO)

(/usr/local/texlive/2017basic/texmf-dist/tex/latex/oberdiek/zref-base.sty
Package: zref-base 2016/05/21 v2.26 Module base for zref (HO)
Package zref Info: New property list: main on input line 759.
Package zref Info: New property: default on input line 760.
Package zref Info: New property: page on input line 761.
)
\c@abspage=\count314
Package zref Info: New property: abspage on input line 62.
)
(/usr/local/texlive/2017basic/texmf-dist/tex/latex/xkeyval/xkeyval.sty
Package: xkeyval 2014/12/03 v2.7a package option processing (HA)

(/usr/local/texlive/2017basic/texmf-dist/tex/generic/xkeyval/xkeyval.tex
(/usr/local/texlive/2017basic/texmf-dist/tex/generic/xkeyval/xkvutils.tex
\XKV@toks=\toks23
\XKV@tempa@toks=\toks24
)
\XKV@depth=\count315
File: xkeyval.tex 2014/12/03 v2.7a key=value parser (HA)
))
(/usr/local/texlive/2017basic/texmf-dist/tex/xelatex/bidi/latex-xetex-bidi.def
File: latex-xetex-bidi.def 2017/05/06 v1.2.9 bidi adaptations for `latex.ltx' f
or XeTeX engine
\bidi@n@everypar=\toks25
\bidi@column@check@number=\count316

(/usr/local/texlive/2017basic/texmf-dist/tex/xelatex/bidi/footnote-xetex-bidi.d
ef
File: footnote-xetex-bidi.def 2017/08/09 v1.1 bidi footnote macros for XeTeX en
gine
\c@footdir@label=\count317
\footdir@toks=\toks26
)
(/usr/local/texlive/2017basic/texmf-dist/tex/xelatex/bidi/article-xetex-bidi.de
f
File: article-xetex-bidi.def 2017/06/09 v0.6 bidi adaptations for standard arti
cle class for XeTeX engine
)
(/usr/local/texlive/2017basic/texmf-dist/tex/xelatex/bidi/amsmath-xetex-bidi.de
f
File: amsmath-xetex-bidi.def 2016/09/12 v1.0 bidi adaptations for amsmath packa
ge for XeTeX engine
)
(/usr/local/texlive/2017basic/texmf-dist/tex/xelatex/bidi/amstext-xetex-bidi.de
f
File: amstext-xetex-bidi.def 2016/09/12 v0.2 bidi adaptations for amstext packa
ge for XeTeX engine
)
(/usr/local/texlive/2017basic/texmf-dist/tex/xelatex/bidi/color-xetex-bidi.def
File: color-xetex-bidi.def 2013/04/08 v0.2 bidi adaptations for color package f
or XeTeX engine
LaTeX Info: Redefining \color on input line 46.
)
(/usr/local/texlive/2017basic/texmf-dist/tex/xelatex/bidi/hyperref-xetex-bidi.d
ef
File: hyperref-xetex-bidi.def 2017/08/09 v1.0 bidi adaptations for hyperref pac
kage for XeTeX engine
)
(/usr/local/texlive/2017basic/texmf-dist/tex/xelatex/bidi/listings-xetex-bidi.d
ef
File: listings-xetex-bidi.def 2017/01/14 v1.4 bidi adaptations for listings pac
kage for XeTeX engine
))
(/usr/local/texlive/2017basic/texmf-dist/tex/xelatex/bidi/loadingorder-xetex-bi
di.def
File: loadingorder-xetex-bidi.def 2015/10/16 v0.96 making sure that bidi is the
 last package loaded
)
\bidi@digits=\count318
\bidi@digits@charclass=\XeTeXcharclass1
\bidi@dot@charclass=\XeTeXcharclass2
\bidi@dash@charclass=\XeTeXcharclass3
)
****************************************************
* 
* xepersian package (Persian for LaTeX, using XeTeX engine)
* 
* Description: The package supports Persian
* typesetting, using fonts provided in the
* distribution.
* 
* Copyright (c) 2008--2017 Vafa Khalighi
* 
* v19.1, 2017/08/27
* 
* License: LaTeX Project Public License, version
* 1.3c or higher (your choice)
* 
* Location on CTAN: /macros/xetex/latex/xepersian
* 
* Issue tracker: https://github.com/tex-xet/xepersian/issues
* 
* Support: persian-tex@tug.org
* 
****************************************************
.................................................
. LaTeX info: "xparse/define-command"
. 
. Defining command \settextfont with sig. 'O{}mO{}' on line 124.
.................................................
.................................................
. LaTeX info: "xparse/define-command"
. 
. Defining command \setlatintextfont with sig. 'O{}mO{}' on line 145.
.................................................
.................................................
. LaTeX info: "xparse/define-command"
. 
. Defining command \defpersianfont with sig. 'mO{}mO{}' on line 168.
.................................................
.................................................
. LaTeX info: "xparse/define-command"
. 
. Defining command \deflatinfont with sig. 'mO{}mO{}' on line 186.
.................................................
.................................................
. LaTeX info: "xparse/define-command"
. 
. Defining command \setpersiansansfont with sig. 'O{}mO{}' on line 235.
.................................................
.................................................
. LaTeX info: "xparse/define-command"
. 
. Defining command \setpersianmonofont with sig. 'O{}mO{}' on line 256.
.................................................
.................................................
. LaTeX info: "xparse/define-command"
. 
. Defining command \setnavarfont with sig. 'O{}mO{}' on line 277.
.................................................
.................................................
. LaTeX info: "xparse/define-command"
. 
. Defining command \setpookfont with sig. 'O{}mO{}' on line 298.
.................................................
.................................................
. LaTeX info: "xparse/define-command"
. 
. Defining command \setsayehfont with sig. 'O{}mO{}' on line 319.
.................................................
.................................................
. LaTeX info: "xparse/define-command"
. 
. Defining command \setiranicfont with sig. 'O{}mO{}' on line 340.
.................................................
\xepersian@tcl=\count319
\xepersian@ilg=\dimen154
\xepersian@strutilg=\dimen155

(/usr/local/texlive/2017basic/texmf-dist/tex/xelatex/xepersian/loadingorder-xep
ersian.def
File: loadingorder-xepersian.def 2012/01/01 v0.3 making sure that xepersian is 
the last package loaded
)
(/usr/local/texlive/2017basic/texmf-dist/tex/xelatex/xepersian/footnote-xepersi
an.def
File: footnote-xepersian.def 2017/08/09 v0.6 footnote macros for xepersian pack
age
)
(/usr/local/texlive/2017basic/texmf-dist/tex/xelatex/xepersian/listings-xepersi
an.def
File: listings-xepersian.def 2014/07/17 v0.3 bilingual captions for listings pa
ckage
)
(/usr/local/texlive/2017basic/texmf-dist/tex/xelatex/xepersian/hyperref-xepersi
an.def
File: hyperref-xepersian.def 2015/02/02 v0.6 bilingual captions for hyperref pa
ckage
)
(/usr/local/texlive/2017basic/texmf-dist/tex/xelatex/xepersian/article-xepersia
n.def
File: article-xepersian.def 2010/07/25 v0.2 adaptations for standard article cl
ass
)
\g__fontspec_family_lmroman10-regular_int=\count320
.................................................
. fontspec info: "defining-font"
. 
. Font family 'lmroman10-regular(0)' created for font 'lmroman10-regular' with
. options
. [Mapping=tex-text,ExternalLocation,BoldFont={lmroman10-bold},BoldItalicFont={
lmroman10-bolditalic},ItalicFont={lmroman10-italic},SmallCapsFont={lmromancaps1
0-regular},SlantedFont={lmromanslant10-regular},BoldSlantedFont={lmromanslant10
-bold}].
.  
.  This font family consists of the following NFSS series/shapes:
.  
. - 'normal' (m/n) with NFSS spec.:
. <->"[lmroman10-regular]/OT:script=latn;language=DFLT;mapping=tex-text;"
. - 'small caps'  (m/sc) with NFSS spec.:
. <->"[lmromancaps10-regular]/OT:script=latn;language=DFLT;mapping=tex-text;"
. - 'bold' (bx/n) with NFSS spec.:
. <->"[lmroman10-bold]/OT:script=latn;language=DFLT;mapping=tex-text;"
. - 'bold small caps'  (bx/sc) with NFSS spec.:
. <->"[lmromancaps10-regular]/OT:script=latn;language=DFLT;mapping=tex-text;"
. - 'italic' (m/it) with NFSS spec.:
. <->"[lmroman10-italic]/OT:script=latn;language=DFLT;mapping=tex-text;"
. - 'italic small caps'  (m/itsc) with NFSS spec.:
. <->"[lmromancaps10-regular]/OT:script=latn;language=DFLT;mapping=tex-text;"
. - 'slanted' (m/sl) with NFSS spec.:
. <->"[lmromanslant10-regular]/OT:script=latn;language=DFLT;mapping=tex-text;"
. - 'slanted small caps'  (m/slsc) with NFSS spec.:
. <->"[lmromancaps10-regular]/OT:script=latn;language=DFLT;mapping=tex-text;"
. - 'bold italic' (bx/it) with NFSS spec.:
. <->"[lmroman10-bolditalic]/OT:script=latn;language=DFLT;mapping=tex-text;"
. - 'bold italic small caps'  (bx/itsc) with NFSS spec.:
. <->"[lmromancaps10-regular]/OT:script=latn;language=DFLT;mapping=tex-text;"
. - 'bold slanted' (bx/sl) with NFSS spec.:
. <->"[lmromanslant10-bold]/OT:script=latn;language=DFLT;mapping=tex-text;"
. - 'bold slanted small caps'  (bx/slsc) with NFSS spec.:
. <->"[lmromancaps10-regular]/OT:script=latn;language=DFLT;mapping=tex-text;"
.................................................
)
*************************************************
* fontspec warning: "language-not-exist"
* 
* Language 'Parsi' not available for font 'B Nazanin' with script 'Parsi'.
*  'Default' language used instead.
*************************************************
\g__fontspec_family_BNazanin_int=\count321
.................................................
. fontspec info: "no-font-shape"
. 
. Could not resolve font "B Nazanin/I" (it probably doesn't exist).
.................................................
.................................................
. fontspec info: "defining-font"
. 
. Font family 'BNazanin(0)' created for font 'B Nazanin' with options
. [Script=Parsi,Language=Parsi,Mapping=parsidigits].
.  
.  This font family consists of the following NFSS series/shapes:
.  
. - 'normal' (m/n) with NFSS spec.: <->"B
. Nazanin/OT:script=arab;language=DFLT;mapping=parsidigits;"
. - 'small caps'  (m/sc) with NFSS spec.: 
. - 'bold' (bx/n) with NFSS spec.: <->"B
. Nazanin/B/OT:script=arab;language=DFLT;mapping=parsidigits;"
. - 'bold small caps'  (bx/sc) with NFSS spec.: 
. - 'bold italic' (bx/it) with NFSS spec.: <->"B
. Nazanin/BI/OT:script=arab;language=DFLT;mapping=parsidigits;"
. - 'bold italic small caps'  (bx/itsc) with NFSS spec.: 
.................................................
(./HW#.aux)
\openout1 = `HW#.aux'.

LaTeX Font Info:    Checking defaults for OML/cmm/m/it on input line 41.
LaTeX Font Info:    ... okay on input line 41.
LaTeX Font Info:    Checking defaults for T1/cmr/m/n on input line 41.
LaTeX Font Info:    ... okay on input line 41.
LaTeX Font Info:    Checking defaults for OT1/cmr/m/n on input line 41.
LaTeX Font Info:    ... okay on input line 41.
LaTeX Font Info:    Checking defaults for OMS/cmsy/m/n on input line 41.
LaTeX Font Info:    ... okay on input line 41.
LaTeX Font Info:    Checking defaults for TU/lmr/m/n on input line 41.
LaTeX Font Info:    ... okay on input line 41.
LaTeX Font Info:    Checking defaults for OMX/cmex/m/n on input line 41.
LaTeX Font Info:    ... okay on input line 41.
LaTeX Font Info:    Checking defaults for U/cmr/m/n on input line 41.
LaTeX Font Info:    ... okay on input line 41.
LaTeX Font Info:    Checking defaults for PD1/pdf/m/n on input line 41.
LaTeX Font Info:    ... okay on input line 41.
LaTeX Font Info:    Checking defaults for PU/pdf/m/n on input line 41.
LaTeX Font Info:    ... okay on input line 41.
\c@lstlisting=\count322
\AtBeginShipoutBox=\box47
Package hyperref Info: Link coloring OFF on input line 41.

(/usr/local/texlive/2017basic/texmf-dist/tex/latex/hyperref/nameref.sty
Package: nameref 2016/05/21 v2.44 Cross-referencing by name of section

(/usr/local/texlive/2017basic/texmf-dist/tex/generic/oberdiek/gettitlestring.st
y
Package: gettitlestring 2016/05/16 v1.5 Cleanup title references (HO)
)
\c@section@level=\count323
)
LaTeX Info: Redefining \ref on input line 41.
LaTeX Info: Redefining \pageref on input line 41.
LaTeX Info: Redefining \nameref on input line 41.
 (./HW#.out) (./HW#.out)
\@outlinefile=\write3
\openout3 = `HW#.out'.


! Undefined control sequence.
<argument> \includegraphics 
                            [width=4em]{imgres.png}
l.47 
     
? 
Missing character: There is no w in font B Nazanin/OT:script=arab;language=DFLT
;mapping=parsidigits;!
Missing character: There is no i in font B Nazanin/OT:script=arab;language=DFLT
;mapping=parsidigits;!
Missing character: There is no d in font B Nazanin/OT:script=arab;language=DFLT
;mapping=parsidigits;!
Missing character: There is no t in font B Nazanin/OT:script=arab;language=DFLT
;mapping=parsidigits;!
Missing character: There is no h in font B Nazanin/OT:script=arab;language=DFLT
;mapping=parsidigits;!
Missing character: There is no e in font B Nazanin/OT:script=arab;language=DFLT
;mapping=parsidigits;!
Missing character: There is no m in font B Nazanin/OT:script=arab;language=DFLT
;mapping=parsidigits;!
Missing character: There is no i in font B Nazanin/OT:script=arab;language=DFLT
;mapping=parsidigits;!
Missing character: There is no m in font B Nazanin/OT:script=arab;language=DFLT
;mapping=parsidigits;!
Missing character: There is no g in font B Nazanin/OT:script=arab;language=DFLT
;mapping=parsidigits;!
Missing character: There is no r in font B Nazanin/OT:script=arab;language=DFLT
;mapping=parsidigits;!
Missing character: There is no e in font B Nazanin/OT:script=arab;language=DFLT
;mapping=parsidigits;!
Missing character: There is no s in font B Nazanin/OT:script=arab;language=DFLT
;mapping=parsidigits;!
Missing character: There is no p in font B Nazanin/OT:script=arab;language=DFLT
;mapping=parsidigits;!
Missing character: There is no n in font B Nazanin/OT:script=arab;language=DFLT
;mapping=parsidigits;!
Missing character: There is no g in font B Nazanin/OT:script=arab;language=DFLT
;mapping=parsidigits;!
! Undefined control sequence.
<argument> \includegraphics 
                            [width=5.1em]{imgres.jpg}
l.47 
     
? 
Missing character: There is no w in font B Nazanin/OT:script=arab;language=DFLT
;mapping=parsidigits;!
Missing character: There is no i in font B Nazanin/OT:script=arab;language=DFLT
;mapping=parsidigits;!
Missing character: There is no d in font B Nazanin/OT:script=arab;language=DFLT
;mapping=parsidigits;!
Missing character: There is no t in font B Nazanin/OT:script=arab;language=DFLT
;mapping=parsidigits;!
Missing character: There is no h in font B Nazanin/OT:script=arab;language=DFLT
;mapping=parsidigits;!
Missing character: There is no e in font B Nazanin/OT:script=arab;language=DFLT
;mapping=parsidigits;!
Missing character: There is no m in font B Nazanin/OT:script=arab;language=DFLT
;mapping=parsidigits;!
Missing character: There is no i in font B Nazanin/OT:script=arab;language=DFLT
;mapping=parsidigits;!
Missing character: There is no m in font B Nazanin/OT:script=arab;language=DFLT
;mapping=parsidigits;!
Missing character: There is no g in font B Nazanin/OT:script=arab;language=DFLT
;mapping=parsidigits;!
Missing character: There is no r in font B Nazanin/OT:script=arab;language=DFLT
;mapping=parsidigits;!
Missing character: There is no e in font B Nazanin/OT:script=arab;language=DFLT
;mapping=parsidigits;!
Missing character: There is no s in font B Nazanin/OT:script=arab;language=DFLT
;mapping=parsidigits;!
Missing character: There is no j in font B Nazanin/OT:script=arab;language=DFLT
;mapping=parsidigits;!
Missing character: There is no p in font B Nazanin/OT:script=arab;language=DFLT
;mapping=parsidigits;!
Missing character: There is no g in font B Nazanin/OT:script=arab;language=DFLT
;mapping=parsidigits;!
(/usr/local/texlive/2017basic/texmf-dist/tex/latex/listings/lstlang1.sty
File: lstlang1.sty 2015/06/04 1.6 listings language file
)
! Missing $ inserted.
<inserted text> 
                $
l.71 ...یتم برابر است با: \lr{O(n^3)}
                                                  
? 
! Extra }, or forgotten $.
\lr #1->\LRE {\resetlatinfont #1}
                                 
l.71 ...یتم برابر است با: \lr{O(n^3)}
                                                  
? 
! Missing $ inserted.
<inserted text> 
                $
l.72 
     
? 
! Missing } inserted.
<inserted text> 
                }
l.72 
     
? 

\endL or \endR problem (0 missing, 1 extra) in paragraph at lines 72--73
[][] []
 []


Underfull \hbox (badness 10000) in paragraph at lines 76--80
[][]
 []

(/usr/local/texlive/2017basic/texmf-dist/tex/latex/listings/lstlang1.sty
File: lstlang1.sty 2015/06/04 1.6 listings language file
)
(/usr/local/texlive/2017basic/texmf-dist/tex/latex/listings/lstmisc.sty
File: lstmisc.sty 2015/06/04 1.6 (Carsten Heinz)
)

! LaTeX Error: Something's wrong--perhaps a missing \item.

See the LaTeX manual or LaTeX Companion for explanation.
Type  H <return>  for immediate help.
 ...                                              
                                                  
l.86 \end{flushright}
                     
? 

(/usr/local/texlive/2017basic/texmf-dist/tex/generic/oberdiek/se-ascii-print.de
f
File: se-ascii-print.def 2016/05/16 v1.11 stringenc: Printable ASCII characters

) [1

]

! LaTeX Error: Something's wrong--perhaps a missing \item.

See the LaTeX manual or LaTeX Companion for explanation.
Type  H <return>  for immediate help.
 ...                                              
                                                  
l.102 \end{flushright}
                      
? 

! LaTeX Error: Something's wrong--perhaps a missing \item.

See the LaTeX manual or LaTeX Companion for explanation.
Type  H <return>  for immediate help.
 ...                                              
                                                  
l.127 \end{flushright}
                      
? 
[2]

! LaTeX Error: Something's wrong--perhaps a missing \item.

See the LaTeX manual or LaTeX Companion for explanation.
Type  H <return>  for immediate help.
 ...                                              
                                                  
l.141 \end{flushright}
                      
? 
(/usr/local/texlive/2017basic/texmf-dist/tex/latex/listings/lstlang1.sty
File: lstlang1.sty 2015/06/04 1.6 listings language file
)

! LaTeX Error: Something's wrong--perhaps a missing \item.

See the LaTeX manual or LaTeX Companion for explanation.
Type  H <return>  for immediate help.
 ...                                              
                                                  
l.156 \end{flushright}
                      
? 

! LaTeX Error: Something's wrong--perhaps a missing \item.

See the LaTeX manual or LaTeX Companion for explanation.
Type  H <return>  for immediate help.
 ...                                              
                                                  
l.179 \end{flushright}
                      
? 
[3]

! LaTeX Error: Something's wrong--perhaps a missing \item.

See the LaTeX manual or LaTeX Companion for explanation.
Type  H <return>  for immediate help.
 ...                                              
                                                  
l.195 \end{flushright}
                      
? 
[4]
Underfull \hbox (badness 10000) in paragraph at lines 266--268
[][]
 []

[5] [6] [7] [8] [9]
Package atveryend Info: Empty hook `BeforeClearDocument' on input line 402.
Package atveryend Info: Empty hook `AfterLastShipout' on input line 402.
 (./HW#.aux)
Package atveryend Info: Empty hook `AtVeryEndDocument' on input line 402.
Package atveryend Info: Empty hook `AtEndAfterFileList' on input line 402.
Package atveryend Info: Empty hook `AtVeryVeryEnd' on input line 402.
 ) 
Here is how much of TeX's memory you used:
 21447 strings out of 494511
 406871 string characters out of 6166320
 610137 words of memory out of 5000000
 25145 multiletter control sequences out of 15000+600000
 534632 words of font info for 54 fonts, out of 8000000 for 9000
 319 hyphenation exceptions out of 8191
 46i,8n,94p,10404b,2101s stack positions out of 5000i,500n,10000p,200000b,80000s

Output written on HW#.pdf (9 pages).
